This is pdfTeX, Version 3.1415926-2.3-1.40.12 (TeX Live 2011/MacPorts 2011_5) (format=pdflatex 2012.1.10)  25 JAN 2016 19:50
entering extended mode
 restricted \write18 enabled.
 %&-line parsing enabled.
**spatialImplicature.tex
(./spatialImplicature.tex
LaTeX2e <2009/09/24>
Babel <v3.8l> and hyphenation patterns for english, dumylang, nohyphenation, cz
ech, slovak, dutch, ukenglish, usenglishmax, basque, french, german-x-2009-06-1
9, ngerman-x-2009-06-19, german, ngerman, swissgerman, italian, polish, portugu
ese, spanish, catalan, galician, loaded.
(/opt/local/share/texmf-texlive-dist/tex/latex/base/article.cls
Document Class: article 2007/10/19 v1.4h Standard LaTeX document class
(/opt/local/share/texmf-texlive-dist/tex/latex/base/size10.clo
File: size10.clo 2007/10/19 v1.4h Standard LaTeX file (size option)
)
\c@part=\count79
\c@section=\count80
\c@subsection=\count81
\c@subsubsection=\count82
\c@paragraph=\count83
\c@subparagraph=\count84
\c@figure=\count85
\c@table=\count86
\abovecaptionskip=\skip41
\belowcaptionskip=\skip42
\bibindent=\dimen102
) (./cogsci.sty
Conference Style for COGSCI -- last modified October 24, 2006
) (/opt/local/share/texmf-texlive-dist/tex/latex/pslatex/pslatex.sty
Package: pslatex 1996/07/24 v1.2 pslatex emulation (DPC)
LaTeX Font Info:    Redeclaring symbol font `operators' on input line 65.
LaTeX Font Info:    Overwriting symbol font `operators' in version `normal'
(Font)                  OT1/cmr/m/n --> OT1/ptmcm/m/n on input line 65.
LaTeX Font Info:    Overwriting symbol font `operators' in version `bold'
(Font)                  OT1/cmr/bx/n --> OT1/ptmcm/m/n on input line 65.
LaTeX Font Info:    Redeclaring symbol font `letters' on input line 66.
LaTeX Font Info:    Overwriting symbol font `letters' in version `normal'
(Font)                  OML/cmm/m/it --> OML/ptmcm/m/it on input line 66.
LaTeX Font Info:    Overwriting symbol font `letters' in version `bold'
(Font)                  OML/cmm/b/it --> OML/ptmcm/m/it on input line 66.
LaTeX Font Info:    Redeclaring symbol font `symbols' on input line 67.
LaTeX Font Info:    Overwriting symbol font `symbols' in version `normal'
(Font)                  OMS/cmsy/m/n --> OMS/pzccm/m/n on input line 67.
LaTeX Font Info:    Overwriting symbol font `symbols' in version `bold'
(Font)                  OMS/cmsy/b/n --> OMS/pzccm/m/n on input line 67.
LaTeX Font Info:    Redeclaring symbol font `largesymbols' on input line 68.
LaTeX Font Info:    Overwriting symbol font `largesymbols' in version `normal'
(Font)                  OMX/cmex/m/n --> OMX/psycm/m/n on input line 68.
LaTeX Font Info:    Overwriting symbol font `largesymbols' in version `bold'
(Font)                  OMX/cmex/m/n --> OMX/psycm/m/n on input line 68.
\symbold=\mathgroup4
\symitalic=\mathgroup5
LaTeX Font Info:    Redeclaring math alphabet \mathbf on input line 74.
LaTeX Font Info:    Overwriting math alphabet `\mathbf' in version `normal'
(Font)                  OT1/cmr/bx/n --> OT1/ptm/bx/n on input line 74.
LaTeX Font Info:    Overwriting math alphabet `\mathbf' in version `bold'
(Font)                  OT1/cmr/bx/n --> OT1/ptm/bx/n on input line 74.
LaTeX Font Info:    Redeclaring math alphabet \mathit on input line 75.
LaTeX Font Info:    Overwriting math alphabet `\mathit' in version `normal'
(Font)                  OT1/cmr/m/it --> OT1/ptm/m/it on input line 75.
LaTeX Font Info:    Overwriting math alphabet `\mathit' in version `bold'
(Font)                  OT1/cmr/bx/it --> OT1/ptm/m/it on input line 75.
)
(./apacite.sty
Package: apacite 2012/02/25 v6.01 APA citation
\c@BibCnt=\count87
\bibleftmargin=\skip43
\bibindent=\skip44
\bibparsep=\skip45
\bibitemsep=\skip46
\biblabelsep=\skip47
)
(/opt/local/share/texmf-texlive-dist/tex/latex/graphics/graphicx.sty
Package: graphicx 1999/02/16 v1.0f Enhanced LaTeX Graphics (DPC,SPQR)

(/opt/local/share/texmf-texlive-dist/tex/latex/graphics/keyval.sty
Package: keyval 1999/03/16 v1.13 key=value parser (DPC)
\KV@toks@=\toks14
)
(/opt/local/share/texmf-texlive-dist/tex/latex/graphics/graphics.sty
Package: graphics 2009/02/05 v1.0o Standard LaTeX Graphics (DPC,SPQR)

(/opt/local/share/texmf-texlive-dist/tex/latex/graphics/trig.sty
Package: trig 1999/03/16 v1.09 sin cos tan (DPC)
)
(/opt/local/share/texmf-texlive-dist/tex/latex/latexconfig/graphics.cfg
File: graphics.cfg 2010/04/23 v1.9 graphics configuration of TeX Live
)
Package graphics Info: Driver file: pdftex.def on input line 91.

(/opt/local/share/texmf-texlive-dist/tex/latex/pdftex-def/pdftex.def
File: pdftex.def 2011/05/27 v0.06d Graphics/color for pdfTeX

(/opt/local/share/texmf-texlive-dist/tex/generic/oberdiek/infwarerr.sty
Package: infwarerr 2010/04/08 v1.3 Providing info/warning/message (HO)
)
(/opt/local/share/texmf-texlive-dist/tex/generic/oberdiek/ltxcmds.sty
Package: ltxcmds 2011/04/18 v1.20 LaTeX kernel commands for general use (HO)
)
\Gread@gobject=\count88
))
\Gin@req@height=\dimen103
\Gin@req@width=\dimen104
)
(/opt/local/share/texmf-texlive-dist/tex/latex/graphics/color.sty
Package: color 2005/11/14 v1.0j Standard LaTeX Color (DPC)

(/opt/local/share/texmf-texlive-dist/tex/latex/latexconfig/color.cfg
File: color.cfg 2007/01/18 v1.5 color configuration of teTeX/TeXLive
)
Package color Info: Driver file: pdftex.def on input line 130.

(/opt/local/share/texmf-texlive-dist/tex/latex/graphics/dvipsnam.def
File: dvipsnam.def 1999/02/16 v3.0i Driver-dependant file (DPC,SPQR)
))
(./spatialImplicature.aux)
\openout1 = `spatialImplicature.aux'.

LaTeX Font Info:    Checking defaults for OML/cmm/m/it on input line 49.
LaTeX Font Info:    ... okay on input line 49.
LaTeX Font Info:    Checking defaults for T1/cmr/m/n on input line 49.
LaTeX Font Info:    ... okay on input line 49.
LaTeX Font Info:    Checking defaults for OT1/cmr/m/n on input line 49.
LaTeX Font Info:    ... okay on input line 49.
LaTeX Font Info:    Checking defaults for OMS/pzccm/m/n on input line 49.
LaTeX Font Info:    Try loading font information for OMS+pzccm on input line 49
.

(/opt/local/share/texmf-texlive-dist/tex/latex/psnfss/omspzccm.fd
File: omspzccm.fd 2000/01/03 Fontinst v1.801 font definitions for OMS/pzccm.
)
LaTeX Font Info:    ... okay on input line 49.
LaTeX Font Info:    Checking defaults for OMX/cmex/m/n on input line 49.
LaTeX Font Info:    ... okay on input line 49.
LaTeX Font Info:    Checking defaults for U/cmr/m/n on input line 49.
LaTeX Font Info:    ... okay on input line 49.
\c@maskedRefs=\count89


Package apacite Warning: Language definition file english.apc not found.

(/opt/local/share/texmf-texlive-dist/tex/context/base/supp-pdf.mkii
[Loading MPS to PDF converter (version 2006.09.02).]
\scratchcounter=\count90
\scratchdimen=\dimen105
\scratchbox=\box26
\nofMPsegments=\count91
\nofMParguments=\count92
\everyMPshowfont=\toks15
\MPscratchCnt=\count93
\MPscratchDim=\dimen106
\MPnumerator=\count94
\makeMPintoPDFobject=\count95
\everyMPtoPDFconversion=\toks16
) (/opt/local/share/texmf-texlive-dist/tex/generic/oberdiek/pdftexcmds.sty
Package: pdftexcmds 2011/04/22 v0.16 Utilities of pdfTeX for LuaTeX (HO)

(/opt/local/share/texmf-texlive-dist/tex/generic/oberdiek/ifluatex.sty
Package: ifluatex 2010/03/01 v1.3 Provides the ifluatex switch (HO)
Package ifluatex Info: LuaTeX not detected.
)
(/opt/local/share/texmf-texlive-dist/tex/generic/oberdiek/ifpdf.sty
Package: ifpdf 2011/01/30 v2.3 Provides the ifpdf switch (HO)
Package ifpdf Info: pdfTeX in PDF mode is detected.
)
Package pdftexcmds Info: LuaTeX not detected.
Package pdftexcmds Info: \pdf@primitive is available.
Package pdftexcmds Info: \pdf@ifprimitive is available.
Package pdftexcmds Info: \pdfdraftmode found.
)
(/opt/local/share/texmf-texlive-dist/tex/latex/oberdiek/epstopdf-base.sty
Package: epstopdf-base 2010/02/09 v2.5 Base part for package epstopdf

(/opt/local/share/texmf-texlive-dist/tex/latex/oberdiek/grfext.sty
Package: grfext 2010/08/19 v1.1 Managing graphics extensions (HO)

(/opt/local/share/texmf-texlive-dist/tex/generic/oberdiek/kvdefinekeys.sty
Package: kvdefinekeys 2011/04/07 v1.3 Defining keys (HO)
))
(/opt/local/share/texmf-texlive-dist/tex/latex/oberdiek/kvoptions.sty
Package: kvoptions 2010/12/23 v3.10 Keyval support for LaTeX options (HO)

(/opt/local/share/texmf-texlive-dist/tex/generic/oberdiek/kvsetkeys.sty
Package: kvsetkeys 2011/04/07 v1.13 Key value parser (HO)

(/opt/local/share/texmf-texlive-dist/tex/generic/oberdiek/etexcmds.sty
Package: etexcmds 2011/02/16 v1.5 Prefix for e-TeX command names (HO)
Package etexcmds Info: Could not find \expanded.
(etexcmds)             That can mean that you are not using pdfTeX 1.50 or
(etexcmds)             that some package has redefined \expanded.
(etexcmds)             In the latter case, load this package earlier.
)))
Package grfext Info: Graphics extension search list:
(grfext)             [.png,.pdf,.jpg,.mps,.jpeg,.jbig2,.jb2,.PNG,.PDF,.JPG,.JPE
G,.JBIG2,.JB2,.eps]
(grfext)             \AppendGraphicsExtensions on input line 452.

(/opt/local/share/texmf-texlive-dist/tex/latex/latexconfig/epstopdf-sys.cfg
File: epstopdf-sys.cfg 2010/07/13 v1.3 Configuration of (r)epstopdf for TeX Liv
e
))
LaTeX Font Info:    Font shape `OT1/ptm/bx/n' in size <14.4> not available
(Font)              Font shape `OT1/ptm/b/n' tried instead on input line 50.
LaTeX Font Info:    Try loading font information for OT1+ptmcm on input line 50
.

(/opt/local/share/texmf-texlive-dist/tex/latex/psnfss/ot1ptmcm.fd
File: ot1ptmcm.fd 2000/01/03 Fontinst v1.801 font definitions for OT1/ptmcm.
)
LaTeX Font Info:    Try loading font information for OML+ptmcm on input line 50
.

(/opt/local/share/texmf-texlive-dist/tex/latex/psnfss/omlptmcm.fd
File: omlptmcm.fd 2000/01/03 Fontinst v1.801 font definitions for OML/ptmcm.
)
LaTeX Font Info:    Try loading font information for OMX+psycm on input line 50
.

(/opt/local/share/texmf-texlive-dist/tex/latex/psnfss/omxpsycm.fd
File: omxpsycm.fd 2000/01/03 Fontinst v1.801 font definitions for OMX/psycm.
)
LaTeX Font Info:    Font shape `OT1/ptm/bx/n' in size <10> not available
(Font)              Font shape `OT1/ptm/b/n' tried instead on input line 50.
LaTeX Font Info:    Font shape `OT1/ptm/bx/n' in size <7.4> not available
(Font)              Font shape `OT1/ptm/b/n' tried instead on input line 50.
LaTeX Font Info:    Font shape `OT1/ptm/bx/n' in size <6> not available
(Font)              Font shape `OT1/ptm/b/n' tried instead on input line 50.
LaTeX Font Info:    Font shape `OT1/ptm/bx/n' in size <10.95> not available
(Font)              Font shape `OT1/ptm/b/n' tried instead on input line 50.
LaTeX Font Info:    Font shape `OT1/ptm/bx/n' in size <9> not available
(Font)              Font shape `OT1/ptm/b/n' tried instead on input line 55.
LaTeX Font Info:    Font shape `OT1/ptm/bx/n' in size <12> not available
(Font)              Font shape `OT1/ptm/b/n' tried instead on input line 59.

Underfull \hbox (badness 1168) in paragraph at lines 63--64
[]\OT1/ptm/m/n/10 A plau-si-ble so-lu-tion to this ques-tion is via prag-mat-
 []

<figures/cityA1.png, id=1, 501.875pt x 233.87375pt>
File: figures/cityA1.png Graphic file (type png)
 <use figures/cityA1.png>
Package pdftex.def Info: figures/cityA1.png used on input line 68.
(pdftex.def)             Requested size: 250.93687pt x 116.93657pt.

Overfull \hbox (7.02562pt too wide) in paragraph at lines 68--69
[][] 
 []

[1{/opt/local/var/db/texmf/fonts/map/pdftex/updmap/pdftex.map}



 <./figures/cityA1.png>]
Underfull \hbox (badness 10000) in paragraph at lines 100--101

 []


Underfull \hbox (badness 10000) in paragraph at lines 102--119

 []


Underfull \hbox (badness 10000) in paragraph at lines 102--119

 []


Underfull \hbox (badness 1997) in paragraph at lines 122--123
 \OT1/ptm/b/n/10 Ut-ter-ance lex-i-con \OT1/ptm/m/n/10 The ut-ter-ances are im-
ple-mented as
 []

<figures/In.pdf, id=12, 488.1352pt x 346.17772pt>
File: figures/In.pdf Graphic file (type pdf)
 <use figures/In.pdf>
Package pdftex.def Info: figures/In.pdf used on input line 130.
(pdftex.def)             Requested size: 414.8335pt x 294.19434pt.


LaTeX Warning: No positions in optional float specifier.
               Default added (so using `!tbp') on input line 135.

<figures/Near.pdf, id=13, 487.28754pt x 345.42459pt>
File: figures/Near.pdf Graphic file (type pdf)
 <use figures/Near.pdf>
Package pdftex.def Info: figures/Near.pdf used on input line 137.
(pdftex.def)             Requested size: 414.8335pt x 294.06557pt.

<figures/results1.pdf, id=14, 1097.49292pt x 308.66798pt>
File: figures/results1.pdf Graphic file (type pdf)

<use figures/results1.pdf>
Package pdftex.def Info: figures/results1.pdf used on input line 154.
(pdftex.def)             Requested size: 505.89pt x 142.281pt.
 [2]

LaTeX Warning: Text page 3 contains only floats.


Overfull \vbox (10.09224pt too high) has occurred while \output is active []



LaTeX Warning: Text page 3 contains only floats.


Overfull \vbox (10.09224pt too high) has occurred while \output is active []


[3 <./figures/In.pdf> <./figures/Near.pdf>]
Underfull \hbox (badness 1478) in paragraph at lines 163--164
[]\OT1/ptm/m/n/10 For each of the 4 maps in their group, par-tic-i-pants
 []


Underfull \hbox (badness 1005) in paragraph at lines 163--164
\OT1/ptm/m/n/10 com-bi-na-tions, where $\OML/ptmcm/m/it/10 word \OMS/pzccm/m/n/
10 2 \OT1/ptmcm/m/n/10 [\OML/ptmcm/m/it/10 In;  Near\OT1/ptmcm/m/n/10 ]$ \OT1/p
tm/m/n/10 and $\OML/ptmcm/m/it/10 location \OMS/pzccm/m/n/10 2
 []

<figures/Figure4.pdf, id=50, 1223.04929pt x 310.39961pt>
File: figures/Figure4.pdf Graphic file (type pdf)

<use figures/Figure4.pdf>
Package pdftex.def Info: figures/Figure4.pdf used on input line 183.
(pdftex.def)             Requested size: 505.89pt x 128.3919pt.
Missing character: There is no â in font ptmr7t!
Missing character: There is no € in font ptmr7t!
Missing character: There is no “ in font ptmr7t!
 [4 <./figures/results1.pdf>]
<figures/KL.pdf, id=95, 492.58318pt x 793.49696pt>
File: figures/KL.pdf Graphic file (type pdf)
 <use figures/KL.pdf>
Package pdftex.def Info: figures/KL.pdf used on input line 194.
(pdftex.def)             Requested size: 227.64894pt x 366.70811pt.

(./spatialImplicature.bbl
Underfull \vbox (badness 1270) has occurred while \output is active []



LaTeX Warning: Text page 5 contains only floats.

[5 <./figures/Figure4.pdf> <./figures/KL.pdf>]) [6

] (./spatialImplicature.aux) ) 
Here is how much of TeX's memory you used:
 2502 strings out of 494770
 35534 string characters out of 3171573
 97358 words of memory out of 3000000
 5672 multiletter control sequences out of 15000+200000
 32833 words of font info for 63 fonts, out of 3000000 for 9000
 134 hyphenation exceptions out of 8191
 38i,10n,23p,1686b,249s stack positions out of 5000i,500n,10000p,200000b,50000s
{/opt/local/share/texmf-texlive-dist/fonts/enc/dv
ips/base/8r.enc}</opt/local/share/texmf-texlive-dist/fonts/type1/public/amsfont
s/cm/cmmi10.pfb></opt/local/share/texmf-texlive-dist/fonts/type1/public/amsfont
s/cm/cmr10.pfb></opt/local/share/texmf-texlive-dist/fonts/type1/public/amsfonts
/cm/cmsy10.pfb></opt/local/share/texmf-texlive-dist/fonts/type1/urw/courier/ucr
r8a.pfb></opt/local/share/texmf-texlive-dist/fonts/type1/urw/symbol/usyr.pfb></
opt/local/share/texmf-texlive-dist/fonts/type1/urw/times/utmb8a.pfb></opt/local
/share/texmf-texlive-dist/fonts/type1/urw/times/utmr8a.pfb></opt/local/share/te
xmf-texlive-dist/fonts/type1/urw/times/utmri8a.pfb>
Output written on spatialImplicature.pdf (6 pages, 5871430 bytes).
PDF statistics:
 272 PDF objects out of 1000 (max. 8388607)
 166 compressed objects within 2 object streams
 0 named destinations out of 1000 (max. 500000)
 31 words of extra memory for PDF output out of 10000 (max. 10000000)

